{"/Users/betalectic/explorestuff/generator/apps/generator/lib/logMessages.js": {"path":"/Users/betalectic/explorestuff/generator/apps/generator/lib/logMessages.js","statementMap":{"0":{"start":{"line":1,"column":34},"end":{"line":1,"column":69}},"1":{"start":{"line":3,"column":34},"end":{"line":3,"column":80}},"2":{"start":{"line":5,"column":28},"end":{"line":5,"column":162}},"3":{"start":{"line":7,"column":28},"end":{"line":7,"column":249}},"4":{"start":{"line":10,"column":2},"end":{"line":10,"column":47}},"5":{"start":{"line":14,"column":2},"end":{"line":14,"column":61}},"6":{"start":{"line":18,"column":2},"end":{"line":18,"column":103}},"7":{"start":{"line":22,"column":2},"end":{"line":24,"column":3}},"8":{"start":{"line":23,"column":4},"end":{"line":23,"column":113}},"9":{"start":{"line":26,"column":2},"end":{"line":26,"column":143}},"10":{"start":{"line":30,"column":2},"end":{"line":30,"column":58}},"11":{"start":{"line":34,"column":2},"end":{"line":34,"column":77}},"12":{"start":{"line":38,"column":2},"end":{"line":38,"column":181}},"13":{"start":{"line":42,"column":2},"end":{"line":42,"column":148}},"14":{"start":{"line":45,"column":0},"end":{"line":59,"column":2}}},"fnMap":{"0":{"name":"templateVersion","decl":{"start":{"line":9,"column":9},"end":{"line":9,"column":24}},"loc":{"start":{"line":9,"column":30},"end":{"line":11,"column":1}},"line":9},"1":{"name":"templateSource","decl":{"start":{"line":13,"column":9},"end":{"line":13,"column":23}},"loc":{"start":{"line":13,"column":43},"end":{"line":15,"column":1}},"line":13},"2":{"name":"templateNotFound","decl":{"start":{"line":17,"column":9},"end":{"line":17,"column":25}},"loc":{"start":{"line":17,"column":40},"end":{"line":19,"column":1}},"line":17},"3":{"name":"packageNotAvailable","decl":{"start":{"line":21,"column":9},"end":{"line":21,"column":28}},"loc":{"start":{"line":21,"column":45},"end":{"line":27,"column":1}},"line":21},"4":{"name":"installationDebugMessage","decl":{"start":{"line":29,"column":9},"end":{"line":29,"column":33}},"loc":{"start":{"line":29,"column":48},"end":{"line":31,"column":1}},"line":29},"5":{"name":"templateSuccessfullyInstalled","decl":{"start":{"line":33,"column":9},"end":{"line":33,"column":38}},"loc":{"start":{"line":33,"column":65},"end":{"line":35,"column":1}},"line":33},"6":{"name":"relativeSourceFileNotGenerated","decl":{"start":{"line":37,"column":9},"end":{"line":37,"column":39}},"loc":{"start":{"line":37,"column":70},"end":{"line":39,"column":1}},"line":37},"7":{"name":"conditionalFilesMatched","decl":{"start":{"line":41,"column":9},"end":{"line":41,"column":32}},"loc":{"start":{"line":41,"column":53},"end":{"line":43,"column":1}},"line":41}},"branchMap":{"0":{"loc":{"start":{"line":22,"column":2},"end":{"line":24,"column":3}},"type":"if","locations":[{"start":{"line":22,"column":2},"end":{"line":24,"column":3}},{"start":{},"end":{}}],"line":22},"1":{"loc":{"start":{"line":22,"column":6},"end":{"line":22,"column":46}},"type":"binary-expr","locations":[{"start":{"line":22,"column":6},"end":{"line":22,"column":20}},{"start":{"line":22,"column":24},"end":{"line":22,"column":46}}],"line":22}},"s":{"0":1,"1":1,"2":1,"3":1,"4":0,"5":0,"6":0,"7":0,"8":0,"9":0,"10":0,"11":0,"12":0,"13":0,"14":1},"f":{"0":0,"1":0,"2":0,"3":0,"4":0,"5":0,"6":0,"7":0},"b":{"0":[0,0],"1":[0,0]},"_coverageSchema":"1a1c01bbd47fc00a2c39e90264f33305004495a9","hash":"88690a5dd878ff21d9e52261532a3b057f7a154c"}
,"/Users/betalectic/explorestuff/generator/apps/generator/lib/utils.js": {"path":"/Users/betalectic/explorestuff/generator/apps/generator/lib/utils.js","statementMap":{"0":{"start":{"line":1,"column":11},"end":{"line":1,"column":24}},"1":{"start":{"line":2,"column":13},"end":{"line":2,"column":28}},"2":{"start":{"line":3,"column":13},"end":{"line":3,"column":28}},"3":{"start":{"line":4,"column":14},"end":{"line":4,"column":35}},"4":{"start":{"line":5,"column":12},"end":{"line":5,"column":26}},"5":{"start":{"line":6,"column":19},"end":{"line":6,"column":41}},"6":{"start":{"line":7,"column":20},"end":{"line":7,"column":43}},"7":{"start":{"line":8,"column":19},"end":{"line":8,"column":41}},"8":{"start":{"line":9,"column":12},"end":{"line":9,"column":31}},"9":{"start":{"line":11,"column":20},"end":{"line":11,"column":46}},"10":{"start":{"line":13,"column":19},"end":{"line":13,"column":46}},"11":{"start":{"line":15,"column":14},"end":{"line":15,"column":28}},"12":{"start":{"line":17,"column":0},"end":{"line":17,"column":39}},"13":{"start":{"line":18,"column":0},"end":{"line":18,"column":45}},"14":{"start":{"line":19,"column":0},"end":{"line":19,"column":45}},"15":{"start":{"line":20,"column":0},"end":{"line":20,"column":47}},"16":{"start":{"line":21,"column":0},"end":{"line":21,"column":45}},"17":{"start":{"line":22,"column":0},"end":{"line":22,"column":43}},"18":{"start":{"line":24,"column":0},"end":{"line":33,"column":2}},"19":{"start":{"line":25,"column":2},"end":{"line":32,"column":3}},"20":{"start":{"line":26,"column":4},"end":{"line":26,"column":52}},"21":{"start":{"line":27,"column":4},"end":{"line":27,"column":16}},"22":{"start":{"line":30,"column":4},"end":{"line":30,"column":73}},"23":{"start":{"line":31,"column":4},"end":{"line":31,"column":17}},"24":{"start":{"line":41,"column":0},"end":{"line":46,"column":2}},"25":{"start":{"line":42,"column":2},"end":{"line":45,"column":30}},"26":{"start":{"line":54,"column":0},"end":{"line":60,"column":2}},"27":{"start":{"line":55,"column":21},"end":{"line":55,"column":23}},"28":{"start":{"line":56,"column":2},"end":{"line":58,"column":3}},"29":{"start":{"line":57,"column":4},"end":{"line":57,"column":28}},"30":{"start":{"line":59,"column":2},"end":{"line":59,"column":20}},"31":{"start":{"line":68,"column":0},"end":{"line":71,"column":2}},"32":{"start":{"line":69,"column":16},"end":{"line":69,"column":47}},"33":{"start":{"line":70,"column":2},"end":{"line":70,"column":32}},"34":{"start":{"line":79,"column":0},"end":{"line":81,"column":2}},"35":{"start":{"line":80,"column":2},"end":{"line":80,"column":77}},"36":{"start":{"line":89,"column":0},"end":{"line":95,"column":2}},"37":{"start":{"line":90,"column":2},"end":{"line":94,"column":5}},"38":{"start":{"line":91,"column":4},"end":{"line":93,"column":21}},"39":{"start":{"line":92,"column":19},"end":{"line":92,"column":38}},"40":{"start":{"line":103,"column":0},"end":{"line":105,"column":2}},"41":{"start":{"line":104,"column":2},"end":{"line":104,"column":34}},"42":{"start":{"line":113,"column":0},"end":{"line":116,"column":2}},"43":{"start":{"line":114,"column":14},"end":{"line":114,"column":45}},"44":{"start":{"line":115,"column":2},"end":{"line":115,"column":44}},"45":{"start":{"line":123,"column":0},"end":{"line":125,"column":2}},"46":{"start":{"line":124,"column":2},"end":{"line":124,"column":29}},"47":{"start":{"line":133,"column":0},"end":{"line":135,"column":2}},"48":{"start":{"line":134,"column":2},"end":{"line":134,"column":73}},"49":{"start":{"line":143,"column":0},"end":{"line":145,"column":2}},"50":{"start":{"line":144,"column":2},"end":{"line":144,"column":42}},"51":{"start":{"line":152,"column":0},"end":{"line":160,"column":2}},"52":{"start":{"line":153,"column":42},"end":{"line":153,"column":60}},"53":{"start":{"line":156,"column":2},"end":{"line":158,"column":3}},"54":{"start":{"line":157,"column":4},"end":{"line":157,"column":11}},"55":{"start":{"line":159,"column":2},"end":{"line":159,"column":13}},"56":{"start":{"line":171,"column":0},"end":{"line":214,"column":2}},"57":{"start":{"line":178,"column":2},"end":{"line":205,"column":3}},"58":{"start":{"line":179,"column":4},"end":{"line":179,"column":33}},"59":{"start":{"line":181,"column":4},"end":{"line":181,"column":47}},"60":{"start":{"line":185,"column":4},"end":{"line":185,"column":31}},"61":{"start":{"line":190,"column":4},"end":{"line":204,"column":5}},"62":{"start":{"line":191,"column":6},"end":{"line":197,"column":7}},"63":{"start":{"line":193,"column":8},"end":{"line":193,"column":107}},"64":{"start":{"line":196,"column":8},"end":{"line":196,"column":106}},"65":{"start":{"line":199,"column":6},"end":{"line":203,"column":7}},"66":{"start":{"line":200,"column":8},"end":{"line":200,"column":53}},"67":{"start":{"line":202,"column":8},"end":{"line":202,"column":51}},"68":{"start":{"line":207,"column":2},"end":{"line":211,"column":3}},"69":{"start":{"line":208,"column":4},"end":{"line":208,"column":70}},"70":{"start":{"line":210,"column":4},"end":{"line":210,"column":35}},"71":{"start":{"line":213,"column":2},"end":{"line":213,"column":22}},"72":{"start":{"line":216,"column":0},"end":{"line":223,"column":2}},"73":{"start":{"line":217,"column":21},"end":{"line":217,"column":23}},"74":{"start":{"line":218,"column":2},"end":{"line":221,"column":3}},"75":{"start":{"line":219,"column":15},"end":{"line":219,"column":34}},"76":{"start":{"line":220,"column":4},"end":{"line":220,"column":27}},"77":{"start":{"line":222,"column":2},"end":{"line":222,"column":20}}},"fnMap":{"0":{"name":"(anonymous_0)","decl":{"start":{"line":24,"column":15},"end":{"line":24,"column":16}},"loc":{"start":{"line":24,"column":31},"end":{"line":33,"column":1}},"line":24},"1":{"name":"(anonymous_1)","decl":{"start":{"line":41,"column":25},"end":{"line":41,"column":26}},"loc":{"start":{"line":41,"column":37},"end":{"line":46,"column":1}},"line":41},"2":{"name":"(anonymous_2)","decl":{"start":{"line":54,"column":27},"end":{"line":54,"column":28}},"loc":{"start":{"line":54,"column":36},"end":{"line":60,"column":1}},"line":54},"3":{"name":"(anonymous_3)","decl":{"start":{"line":68,"column":24},"end":{"line":68,"column":25}},"loc":{"start":{"line":68,"column":48},"end":{"line":71,"column":1}},"line":68},"4":{"name":"(anonymous_4)","decl":{"start":{"line":79,"column":24},"end":{"line":79,"column":25}},"loc":{"start":{"line":79,"column":44},"end":{"line":81,"column":1}},"line":79},"5":{"name":"(anonymous_5)","decl":{"start":{"line":89,"column":18},"end":{"line":89,"column":19}},"loc":{"start":{"line":89,"column":28},"end":{"line":95,"column":1}},"line":89},"6":{"name":"(anonymous_6)","decl":{"start":{"line":90,"column":21},"end":{"line":90,"column":22}},"loc":{"start":{"line":90,"column":42},"end":{"line":94,"column":3}},"line":90},"7":{"name":"(anonymous_7)","decl":{"start":{"line":92,"column":12},"end":{"line":92,"column":13}},"loc":{"start":{"line":92,"column":19},"end":{"line":92,"column":38}},"line":92},"8":{"name":"(anonymous_8)","decl":{"start":{"line":103,"column":19},"end":{"line":103,"column":20}},"loc":{"start":{"line":103,"column":28},"end":{"line":105,"column":1}},"line":103},"9":{"name":"(anonymous_9)","decl":{"start":{"line":113,"column":17},"end":{"line":113,"column":18}},"loc":{"start":{"line":113,"column":31},"end":{"line":116,"column":1}},"line":113},"10":{"name":"(anonymous_10)","decl":{"start":{"line":123,"column":28},"end":{"line":123,"column":29}},"loc":{"start":{"line":123,"column":34},"end":{"line":125,"column":1}},"line":123},"11":{"name":"(anonymous_11)","decl":{"start":{"line":133,"column":24},"end":{"line":133,"column":25}},"loc":{"start":{"line":133,"column":32},"end":{"line":135,"column":1}},"line":133},"12":{"name":"(anonymous_12)","decl":{"start":{"line":143,"column":26},"end":{"line":143,"column":27}},"loc":{"start":{"line":143,"column":32},"end":{"line":145,"column":1}},"line":143},"13":{"name":"(anonymous_13)","decl":{"start":{"line":152,"column":27},"end":{"line":152,"column":28}},"loc":{"start":{"line":152,"column":33},"end":{"line":160,"column":1}},"line":152},"14":{"name":"(anonymous_14)","decl":{"start":{"line":171,"column":27},"end":{"line":171,"column":28}},"loc":{"start":{"line":171,"column":60},"end":{"line":214,"column":1}},"line":171},"15":{"name":"(anonymous_15)","decl":{"start":{"line":216,"column":34},"end":{"line":216,"column":35}},"loc":{"start":{"line":216,"column":57},"end":{"line":223,"column":1}},"line":216}},"branchMap":{"0":{"loc":{"start":{"line":42,"column":9},"end":{"line":45,"column":29}},"type":"binary-expr","locations":[{"start":{"line":42,"column":9},"end":{"line":42,"column":32}},{"start":{"line":43,"column":7},"end":{"line":43,"column":40}},{"start":{"line":44,"column":7},"end":{"line":44,"column":41}},{"start":{"line":45,"column":7},"end":{"line":45,"column":29}}],"line":42},"1":{"loc":{"start":{"line":80,"column":9},"end":{"line":80,"column":76}},"type":"binary-expr","locations":[{"start":{"line":80,"column":9},"end":{"line":80,"column":37}},{"start":{"line":80,"column":41},"end":{"line":80,"column":76}}],"line":80},"2":{"loc":{"start":{"line":114,"column":14},"end":{"line":114,"column":45}},"type":"binary-expr","locations":[{"start":{"line":114,"column":14},"end":{"line":114,"column":39}},{"start":{"line":114,"column":43},"end":{"line":114,"column":45}}],"line":114},"3":{"loc":{"start":{"line":134,"column":9},"end":{"line":134,"column":72}},"type":"binary-expr","locations":[{"start":{"line":134,"column":9},"end":{"line":134,"column":11}},{"start":{"line":134,"column":15},"end":{"line":134,"column":29}},{"start":{"line":134,"column":33},"end":{"line":134,"column":72}}],"line":134},"4":{"loc":{"start":{"line":156,"column":2},"end":{"line":158,"column":3}},"type":"if","locations":[{"start":{"line":156,"column":2},"end":{"line":158,"column":3}},{"start":{},"end":{}}],"line":156},"5":{"loc":{"start":{"line":156,"column":6},"end":{"line":156,"column":59}},"type":"binary-expr","locations":[{"start":{"line":156,"column":6},"end":{"line":156,"column":32}},{"start":{"line":156,"column":36},"end":{"line":156,"column":59}}],"line":156},"6":{"loc":{"start":{"line":178,"column":2},"end":{"line":205,"column":3}},"type":"if","locations":[{"start":{"line":178,"column":2},"end":{"line":205,"column":3}},{"start":{"line":182,"column":9},"end":{"line":205,"column":3}}],"line":178},"7":{"loc":{"start":{"line":190,"column":4},"end":{"line":204,"column":5}},"type":"if","locations":[{"start":{"line":190,"column":4},"end":{"line":204,"column":5}},{"start":{},"end":{}}],"line":190},"8":{"loc":{"start":{"line":199,"column":6},"end":{"line":203,"column":7}},"type":"if","locations":[{"start":{"line":199,"column":6},"end":{"line":203,"column":7}},{"start":{},"end":{}}],"line":199},"9":{"loc":{"start":{"line":207,"column":2},"end":{"line":211,"column":3}},"type":"if","locations":[{"start":{"line":207,"column":2},"end":{"line":211,"column":3}},{"start":{},"end":{}}],"line":207}},"s":{"0":1,"1":1,"2":1,"3":1,"4":1,"5":1,"6":1,"7":1,"8":1,"9":1,"10":1,"11":1,"12":1,"13":1,"14":1,"15":1,"16":1,"17":1,"18":1,"19":0,"20":0,"21":0,"22":0,"23":0,"24":1,"25":0,"26":1,"27":0,"28":0,"29":0,"30":0,"31":1,"32":0,"33":0,"34":1,"35":0,"36":1,"37":0,"38":0,"39":0,"40":1,"41":0,"42":1,"43":0,"44":0,"45":1,"46":0,"47":1,"48":0,"49":1,"50":0,"51":1,"52":0,"53":0,"54":0,"55":0,"56":1,"57":0,"58":0,"59":0,"60":0,"61":0,"62":0,"63":0,"64":0,"65":0,"66":0,"67":0,"68":0,"69":0,"70":0,"71":0,"72":1,"73":0,"74":0,"75":0,"76":0,"77":0},"f":{"0":0,"1":0,"2":0,"3":0,"4":0,"5":0,"6":0,"7":0,"8":0,"9":0,"10":0,"11":0,"12":0,"13":0,"14":0,"15":0},"b":{"0":[0,0,0,0],"1":[0,0],"2":[0,0],"3":[0,0,0],"4":[0,0],"5":[0,0],"6":[0,0],"7":[0,0],"8":[0,0],"9":[0,0]},"_coverageSchema":"1a1c01bbd47fc00a2c39e90264f33305004495a9","hash":"ea80588931bfc4b20cb0bb7a89c6c4e39f805bc6"}
,"/Users/betalectic/explorestuff/generator/apps/generator/lib/renderer/react.js": {"path":"/Users/betalectic/explorestuff/generator/apps/generator/lib/renderer/react.js","statementMap":{"0":{"start":{"line":1,"column":13},"end":{"line":1,"column":28}},"1":{"start":{"line":2,"column":22},"end":{"line":2,"column":62}},"2":{"start":{"line":5,"column":4},"end":{"line":5,"column":23}},"3":{"start":{"line":7,"column":20},"end":{"line":7,"column":34}},"4":{"start":{"line":17,"column":0},"end":{"line":22,"column":2}},"5":{"start":{"line":18,"column":20},"end":{"line":18,"column":85}},"6":{"start":{"line":19,"column":2},"end":{"line":21,"column":5}},"7":{"start":{"line":39,"column":0},"end":{"line":52,"column":2}},"8":{"start":{"line":40,"column":2},"end":{"line":40,"column":46}},"9":{"start":{"line":41,"column":2},"end":{"line":41,"column":110}},"10":{"start":{"line":42,"column":2},"end":{"line":51,"column":4}},"11":{"start":{"line":61,"column":26},"end":{"line":84,"column":1}},"12":{"start":{"line":62,"column":17},"end":{"line":62,"column":27}},"13":{"start":{"line":64,"column":20},"end":{"line":64,"column":25}},"14":{"start":{"line":65,"column":18},"end":{"line":65,"column":41}},"15":{"start":{"line":67,"column":2},"end":{"line":69,"column":3}},"16":{"start":{"line":68,"column":4},"end":{"line":68,"column":84}},"17":{"start":{"line":70,"column":2},"end":{"line":79,"column":3}},"18":{"start":{"line":71,"column":4},"end":{"line":73,"column":5}},"19":{"start":{"line":72,"column":6},"end":{"line":72,"column":57}},"20":{"start":{"line":74,"column":4},"end":{"line":78,"column":5}},"21":{"start":{"line":75,"column":26},"end":{"line":75,"column":66}},"22":{"start":{"line":76,"column":23},"end":{"line":76,"column":46}},"23":{"start":{"line":77,"column":6},"end":{"line":77,"column":57}},"24":{"start":{"line":81,"column":2},"end":{"line":83,"column":5}},"25":{"start":{"line":93,"column":0},"end":{"line":98,"column":2}},"26":{"start":{"line":94,"column":2},"end":{"line":96,"column":3}},"27":{"start":{"line":95,"column":4},"end":{"line":95,"column":95}},"28":{"start":{"line":95,"column":54},"end":{"line":95,"column":92}},"29":{"start":{"line":97,"column":2},"end":{"line":97,"column":56}}},"fnMap":{"0":{"name":"(anonymous_0)","decl":{"start":{"line":17,"column":29},"end":{"line":17,"column":30}},"loc":{"start":{"line":17,"column":105},"end":{"line":22,"column":1}},"line":17},"1":{"name":"(anonymous_1)","decl":{"start":{"line":39,"column":26},"end":{"line":39,"column":27}},"loc":{"start":{"line":39,"column":190},"end":{"line":52,"column":1}},"line":39},"2":{"name":"(anonymous_2)","decl":{"start":{"line":61,"column":26},"end":{"line":61,"column":27}},"loc":{"start":{"line":61,"column":65},"end":{"line":84,"column":1}},"line":61},"3":{"name":"(anonymous_3)","decl":{"start":{"line":93,"column":39},"end":{"line":93,"column":40}},"loc":{"start":{"line":93,"column":78},"end":{"line":98,"column":1}},"line":93},"4":{"name":"(anonymous_4)","decl":{"start":{"line":95,"column":43},"end":{"line":95,"column":44}},"loc":{"start":{"line":95,"column":54},"end":{"line":95,"column":92}},"line":95}},"branchMap":{"0":{"loc":{"start":{"line":40,"column":22},"end":{"line":40,"column":45}},"type":"binary-expr","locations":[{"start":{"line":40,"column":22},"end":{"line":40,"column":39}},{"start":{"line":40,"column":43},"end":{"line":40,"column":45}}],"line":40},"1":{"loc":{"start":{"line":67,"column":2},"end":{"line":69,"column":3}},"type":"if","locations":[{"start":{"line":67,"column":2},"end":{"line":69,"column":3}},{"start":{},"end":{}}],"line":67},"2":{"loc":{"start":{"line":67,"column":6},"end":{"line":67,"column":58}},"type":"binary-expr","locations":[{"start":{"line":67,"column":6},"end":{"line":67,"column":27}},{"start":{"line":67,"column":31},"end":{"line":67,"column":58}}],"line":67},"3":{"loc":{"start":{"line":70,"column":2},"end":{"line":79,"column":3}},"type":"if","locations":[{"start":{"line":70,"column":2},"end":{"line":79,"column":3}},{"start":{},"end":{}}],"line":70},"4":{"loc":{"start":{"line":71,"column":4},"end":{"line":73,"column":5}},"type":"if","locations":[{"start":{"line":71,"column":4},"end":{"line":73,"column":5}},{"start":{},"end":{}}],"line":71},"5":{"loc":{"start":{"line":74,"column":4},"end":{"line":78,"column":5}},"type":"if","locations":[{"start":{"line":74,"column":4},"end":{"line":78,"column":5}},{"start":{},"end":{}}],"line":74},"6":{"loc":{"start":{"line":94,"column":2},"end":{"line":96,"column":3}},"type":"if","locations":[{"start":{"line":94,"column":2},"end":{"line":96,"column":3}},{"start":{},"end":{}}],"line":94}},"s":{"0":1,"1":1,"2":1,"3":1,"4":1,"5":1,"6":1,"7":1,"8":1,"9":1,"10":1,"11":1,"12":3,"13":3,"14":3,"15":3,"16":0,"17":3,"18":3,"19":0,"20":3,"21":3,"22":3,"23":3,"24":3,"25":1,"26":2,"27":1,"28":2,"29":1},"f":{"0":1,"1":1,"2":3,"3":2,"4":2},"b":{"0":[1,0],"1":[0,3],"2":[3,3],"3":[3,0],"4":[0,3],"5":[3,0],"6":[1,1]},"_coverageSchema":"1a1c01bbd47fc00a2c39e90264f33305004495a9","hash":"6809134737a9c960a05c0f6d4c4f040a5ea47e88"}
}
