TN:
SF:apps/generator/lib/logMessages.js
FN:9,templateVersion
FN:13,templateSource
FN:17,templateNotFound
FN:21,packageNotAvailable
FN:29,installationDebugMessage
FN:33,templateSuccessfullyInstalled
FN:37,relativeSourceFileNotGenerated
FN:41,conditionalFilesMatched
FNF:8
FNH:0
FNDA:0,templateVersion
FNDA:0,templateSource
FNDA:0,templateNotFound
FNDA:0,packageNotAvailable
FNDA:0,installationDebugMessage
FNDA:0,templateSuccessfullyInstalled
FNDA:0,relativeSourceFileNotGenerated
FNDA:0,conditionalFilesMatched
DA:1,1
DA:3,1
DA:5,1
DA:7,1
DA:10,0
DA:14,0
DA:18,0
DA:22,0
DA:23,0
DA:26,0
DA:30,0
DA:34,0
DA:38,0
DA:42,0
DA:45,1
LF:15
LH:5
BRDA:22,0,0,0
BRDA:22,0,1,0
BRDA:22,1,0,0
BRDA:22,1,1,0
BRF:4
BRH:0
end_of_record
TN:
SF:apps/generator/lib/utils.js
FN:24,(anonymous_0)
FN:41,(anonymous_1)
FN:54,(anonymous_2)
FN:68,(anonymous_3)
FN:79,(anonymous_4)
FN:89,(anonymous_5)
FN:90,(anonymous_6)
FN:92,(anonymous_7)
FN:103,(anonymous_8)
FN:113,(anonymous_9)
FN:123,(anonymous_10)
FN:133,(anonymous_11)
FN:143,(anonymous_12)
FN:152,(anonymous_13)
FN:171,(anonymous_14)
FN:216,(anonymous_15)
FNF:16
FNH:0
FNDA:0,(anonymous_0)
FNDA:0,(anonymous_1)
FNDA:0,(anonymous_2)
FNDA:0,(anonymous_3)
FNDA:0,(anonymous_4)
FNDA:0,(anonymous_5)
FNDA:0,(anonymous_6)
FNDA:0,(anonymous_7)
FNDA:0,(anonymous_8)
FNDA:0,(anonymous_9)
FNDA:0,(anonymous_10)
FNDA:0,(anonymous_11)
FNDA:0,(anonymous_12)
FNDA:0,(anonymous_13)
FNDA:0,(anonymous_14)
FNDA:0,(anonymous_15)
DA:1,1
DA:2,1
DA:3,1
DA:4,1
DA:5,1
DA:6,1
DA:7,1
DA:8,1
DA:9,1
DA:11,1
DA:13,1
DA:15,1
DA:17,1
DA:18,1
DA:19,1
DA:20,1
DA:21,1
DA:22,1
DA:24,1
DA:25,0
DA:26,0
DA:27,0
DA:30,0
DA:31,0
DA:41,1
DA:42,0
DA:54,1
DA:55,0
DA:56,0
DA:57,0
DA:59,0
DA:68,1
DA:69,0
DA:70,0
DA:79,1
DA:80,0
DA:89,1
DA:90,0
DA:91,0
DA:92,0
DA:103,1
DA:104,0
DA:113,1
DA:114,0
DA:115,0
DA:123,1
DA:124,0
DA:133,1
DA:134,0
DA:143,1
DA:144,0
DA:152,1
DA:153,0
DA:156,0
DA:157,0
DA:159,0
DA:171,1
DA:178,0
DA:179,0
DA:181,0
DA:185,0
DA:190,0
DA:191,0
DA:193,0
DA:196,0
DA:199,0
DA:200,0
DA:202,0
DA:207,0
DA:208,0
DA:210,0
DA:213,0
DA:216,1
DA:217,0
DA:218,0
DA:219,0
DA:220,0
DA:222,0
LF:78
LH:32
BRDA:42,0,0,0
BRDA:42,0,1,0
BRDA:42,0,2,0
BRDA:42,0,3,0
BRDA:80,1,0,0
BRDA:80,1,1,0
BRDA:114,2,0,0
BRDA:114,2,1,0
BRDA:134,3,0,0
BRDA:134,3,1,0
BRDA:134,3,2,0
BRDA:156,4,0,0
BRDA:156,4,1,0
BRDA:156,5,0,0
BRDA:156,5,1,0
BRDA:178,6,0,0
BRDA:178,6,1,0
BRDA:190,7,0,0
BRDA:190,7,1,0
BRDA:199,8,0,0
BRDA:199,8,1,0
BRDA:207,9,0,0
BRDA:207,9,1,0
BRF:23
BRH:0
end_of_record
TN:
SF:apps/generator/lib/renderer/react.js
FN:17,(anonymous_0)
FN:39,(anonymous_1)
FN:61,(anonymous_2)
FN:93,(anonymous_3)
FN:95,(anonymous_4)
FNF:5
FNH:5
FNDA:1,(anonymous_0)
FNDA:1,(anonymous_1)
FNDA:3,(anonymous_2)
FNDA:2,(anonymous_3)
FNDA:2,(anonymous_4)
DA:1,1
DA:2,1
DA:5,1
DA:7,1
DA:17,1
DA:18,1
DA:19,1
DA:39,1
DA:40,1
DA:41,1
DA:42,1
DA:61,1
DA:62,3
DA:64,3
DA:65,3
DA:67,3
DA:68,0
DA:70,3
DA:71,3
DA:72,0
DA:74,3
DA:75,3
DA:76,3
DA:77,3
DA:81,3
DA:93,1
DA:94,2
DA:95,2
DA:97,1
LF:29
LH:27
BRDA:40,0,0,1
BRDA:40,0,1,0
BRDA:67,1,0,0
BRDA:67,1,1,3
BRDA:67,2,0,3
BRDA:67,2,1,3
BRDA:70,3,0,3
BRDA:70,3,1,0
BRDA:71,4,0,0
BRDA:71,4,1,3
BRDA:74,5,0,3
BRDA:74,5,1,0
BRDA:94,6,0,1
BRDA:94,6,1,1
BRF:14
BRH:9
end_of_record
